Info: CustomCategory:introduccion: 7 mini seconds publishing element
Info: Role:lider_del_proyecto: 36 mini seconds publishing element
Info: CustomCategory:analisis_y_diseno: 4 mini seconds publishing element
Info: Role:lider_de_proyecto: 16 mini seconds publishing element
Info: Role:dba: 30 mini seconds publishing element
Info: Role:diseador_ui-ux: 22 mini seconds publishing element
Info: Role:arquitecto_de_software: 27 mini seconds publishing element
Info: CustomCategory:despliegue: 4 mini seconds publishing element
Info: Role:especialista_en_implementacin_: 26 mini seconds publishing element
Info: Role:lider_de_proyecto: 18 mini seconds publishing element
Info: CustomCategory:implementacion: 5 mini seconds publishing element
Info: Role:desarrollador_de_software_backend: 31 mini seconds publishing element
Info: Role:dba: 26 mini seconds publishing element
Info: Role:desarrollador_software_frontend: 23 mini seconds publishing element
Info: Role:lider_de_proyecto: 16 mini seconds publishing element
Info: CustomCategory:modelado_de_negocio: 3 mini seconds publishing element
Info: Role:gerente_general: 35 mini seconds publishing element
Info: CustomCategory:pruebas: 11 mini seconds publishing element
Info: Role:tester_qa: 21 mini seconds publishing element
Info: Role:lider_de_proyecto: 19 mini seconds publishing element
Info: CustomCategory:requisitos: 4 mini seconds publishing element
Info: Role:lider_de_proyecto: 22 mini seconds publishing element
Info: Role:analista_de_negocio: 15 mini seconds publishing element
Info: Role:arquitecto_de_software: 32 mini seconds publishing element
Info: Task:corregir_y_completar_el_plan: 92 mini seconds publishing element
Info: Task:entender_las_necesidades_y_descripcion_del_proyecto: 5 mini seconds publishing element
Info: Task:hablar_con_el_gerente: 5 mini seconds publishing element
Info: Task:preparar_la_ejecucion: 5 mini seconds publishing element
Info: Task:presentar_el_plan: 5 mini seconds publishing element
Info: Task:reestructurar_el_enunciado_y_agregar_elementos_faltantes: 6 mini seconds publishing element
Info: Outcome:acta_de_inicio: 104 mini seconds publishing element
Info: Outcome:notas_y_observaciones: 5 mini seconds publishing element
Info: Outcome:plan: 7 mini seconds publishing element
Info: Outcome:plan_corregido: 6 mini seconds publishing element
Info: Artifact:dialogo: 100 mini seconds publishing element
Info: Artifact:produccion_del_plan: 7 mini seconds publishing element
Info: Task:realizar_seguimiento_y_control: 6 mini seconds publishing element
Info: Artifact:informe_de_avance: 9 mini seconds publishing element
Info: Artifact:observaciones: 6 mini seconds publishing element
Info: Task:comprender_los_requisitos_del_sistema_: 6 mini seconds publishing element
Info: Task:construir_el_modelado_conceptual: 5 mini seconds publishing element
Info: Task:construir_el_modelado_logico: 5 mini seconds publishing element
Info: Task:documentacin_del_diseno: 5 mini seconds publishing element
Info: Outcome:diagrama_de_entidad-relacion: 7 mini seconds publishing element
Info: Outcome:documentacion_del_diseo: 5 mini seconds publishing element
Info: Outcome:notas_e_ideas_de_la_db: 6 mini seconds publishing element
Info: Outcome:script: 4 mini seconds publishing element
Info: Artifact:diagrama_de_entidad-relacin: 5 mini seconds publishing element
Info: Artifact:diagramas: 7 mini seconds publishing element
Info: Artifact:requisitos_en_papel: 6 mini seconds publishing element
Info: Artifact:word: 7 mini seconds publishing element
Info: Task:capturar_el_modelo_mental_del_usuario: 6 mini seconds publishing element
Info: Task:creacion_de_los_flujos_de_usuario: 5 mini seconds publishing element
Info: Task:disear_los_mockups: 5 mini seconds publishing element
Info: Outcome:diagrama_de_flujo_de_interaccion: 5 mini seconds publishing element
Info: Outcome:documentacion_modelo_mental: 8 mini seconds publishing element
Info: Outcome:mockups: 9 mini seconds publishing element
Info: Artifact:documentacion_en_papel: 8 mini seconds publishing element
Info: Artifact:documentacion_total: 5 mini seconds publishing element
Info: Task:aprobar_disenos: 5 mini seconds publishing element
Info: Task:presentar_requisitos: 5 mini seconds publishing element
Info: Task:revisar_diseno_de_base_de_datos: 7 mini seconds publishing element
Info: Task:revisar_diseno_de_interfaces_de_usuario: 7 mini seconds publishing element
Info: Outcome:diseno_de_bd_revisado: 5 mini seconds publishing element
Info: Outcome:diseno_de_interfaces_revisado: 6 mini seconds publishing element
Info: Outcome:disenos_aprobados: 6 mini seconds publishing element
Info: Outcome:requisitos_en_papel: 7 mini seconds publishing element
Info: Artifact:diseno_bd: 5 mini seconds publishing element
Info: Artifact:diseno_de_interfaces: 7 mini seconds publishing element
Info: Artifact:disenos_finalizados: 7 mini seconds publishing element
Info: Artifact:estructura_de_software_documentada: 5 mini seconds publishing element
Info: Task:construir_documento_de_instalacion_y_capacitacin: 6 mini seconds publishing element
Info: Task:finalizar_despliegue: 7 mini seconds publishing element
Info: Task:implementacion_de_servicio_aws: 5 mini seconds publishing element
Info: Task:importacion_de_proyecto: 8 mini seconds publishing element
Info: Outcome:despliegue_exitoso: 7 mini seconds publishing element
Info: Outcome:proyecto_en_la_nube: 6 mini seconds publishing element
Info: Outcome:proyecto_importado: 5 mini seconds publishing element
Info: Outcome:documento_de_instalacion_y_capacitacion: 4 mini seconds publishing element
Info: Artifact:instalacion_exitosa: 5 mini seconds publishing element
Info: Artifact:proyecto_eclipse_finalizado: 5 mini seconds publishing element
Info: Task:presenciar_despliegue: 4 mini seconds publishing element
Info: Task:realizar_cierre: 4 mini seconds publishing element
Info: Outcome:acta_de_cierre: 6 mini seconds publishing element
Info: Outcome:documentacion_y_observaciones: 8 mini seconds publishing element
Info: Artifact:analisis: 5 mini seconds publishing element
Info: Artifact:instalacion_exitosa: 5 mini seconds publishing element
Info: Task:conexion_de_codigo_entre_el_backend_y_frontend: 4 mini seconds publishing element
Info: Task:conexion_de_codigo_entre_el_backend_y_la_base_de_datos: 5 mini seconds publishing element
Info: Task:creacion_de_codigo: 6 mini seconds publishing element
Info: Task:crear_documentacion_del_codigo_y_desarrollo: 6 mini seconds publishing element
Info: Task:detallar_relaciones: 5 mini seconds publishing element
Info: Task:especificar_atributos: 9 mini seconds publishing element
Info: Task:identificacion_clases_del_negocio: 5 mini seconds publishing element
Info: Outcome:clases: 7 mini seconds publishing element
Info: Outcome:codigo_finalizado: 6 mini seconds publishing element
Info: Outcome:conexion_exitosa_de_la_base_de_datos_: 5 mini seconds publishing element
Info: Outcome:conexion_exitosa_de_la_ui: 6 mini seconds publishing element
Info: Outcome:documentacin_del_codigo_y_desarrollo: 6 mini seconds publishing element
Info: Artifact:acceso_a_la_db: 5 mini seconds publishing element
Info: Artifact:interfaces_de_usuario: 4 mini seconds publishing element
Info: Artifact:proyecto_finalizado: 7 mini seconds publishing element
Info: Task:ajustar_rendimiento_de_la_base_de_datos: 7 mini seconds publishing element
Info: Task:crear_documentacion_de_la_base_de_datos: 5 mini seconds publishing element
Info: Task:ejecucion_de_scripts_en_la_base_de_datos: 5 mini seconds publishing element
Info: Task:gestion_de_los_roles_en_la_base_de_datos: 6 mini seconds publishing element
Info: Task:implementar_modelo_de_datos: 5 mini seconds publishing element
Info: Outcome:db_optimizada: 6 mini seconds publishing element
Info: Outcome:diseno_de_la_base_de_datos: 5 mini seconds publishing element
Info: Outcome:documentacion: 4 mini seconds publishing element
Info: Outcome:usuarios: 5 mini seconds publishing element
Info: Artifact:administracion_de_usuarios_y_seguridad: 8 mini seconds publishing element
Info: Artifact:desarrollo_y_base_de_datos_: 6 mini seconds publishing element
Info: Artifact:modelo_de_datos_: 5 mini seconds publishing element
Info: Artifact:optimizacion_y_rendimiento: 5 mini seconds publishing element
Info: Task:comprension_de_los_mockups: 4 mini seconds publishing element
Info: Task:construir_el_diseno_visual: 11 mini seconds publishing element
Info: Task:crear_documentacin_tecnica: 4 mini seconds publishing element
Info: Task:crear_prototipos_interactivos_de_la_interfaz: 4 mini seconds publishing element
Info: Outcome:diseno_visual: 9 mini seconds publishing element
Info: Outcome:documentacion: 5 mini seconds publishing element
Info: Outcome:interfaz_intuitiva_e_interactiva_para_el_usuario: 7 mini seconds publishing element
Info: Outcome:notas_y_observaciones: 6 mini seconds publishing element
Info: Artifact:desarrollo_e_interfaces: 5 mini seconds publishing element
Info: Task:realizar_seguimiento_y_control: 7 mini seconds publishing element
Info: Outcome:informe_de_avance: 5 mini seconds publishing element
Info: Artifact:observaciones: 4 mini seconds publishing element
Info: Task:aprobar_el_plan: 7 mini seconds publishing element
Info: Task:asignar_equipo_de_proyecto: 5 mini seconds publishing element
Info: Task:presentar_necesidades_y_problematicas: 6 mini seconds publishing element
Info: Task:revisar_el_plan: 5 mini seconds publishing element
Info: Outcome:acta_de_aprobacion: 6 mini seconds publishing element
Info: Outcome:acta_de_grupo_de_trabajo: 6 mini seconds publishing element
Info: Outcome:descripcion_del_proyecto_en_papel: 6 mini seconds publishing element
Info: Outcome:recomendaciones_y_observaciones_al_plan: 12 mini seconds publishing element
Info: Task:construir_el_informe_de_pruebas: 5 mini seconds publishing element
Info: Task:realizar_pruebas_de_funcionalidad_integracin_usuario_usabilidad_rendimiento_seguridad_y_de_integracin: 8 mini seconds publishing element
Info: Task:verificar_estandares: 9 mini seconds publishing element
Info: Outcome:estandares_aceptados: 8 mini seconds publishing element
Info: Outcome:prueba_superada: 7 mini seconds publishing element
Info: Artifact:proyecto_eclipse: 7 mini seconds publishing element
Info: Task:aprobar_o_denegar_el_despliegue: 5 mini seconds publishing element
Info: Task:realizar_seguimiento_y_control: 6 mini seconds publishing element
Info: Outcome:acta_de_inicio_de_despliegue: 5 mini seconds publishing element
Info: Outcome:informe_de_avance: 6 mini seconds publishing element
Info: Artifact:informe_de_pruebas: 7 mini seconds publishing element
Info: Artifact:pruebas: 11 mini seconds publishing element
Info: Task:construir_y_presentar_proyecto_al_arquitecto: 5 mini seconds publishing element
Info: Task:revisar_estructura: 4 mini seconds publishing element
Info: Task:validar_requisitos: 7 mini seconds publishing element
Info: Outcome:estructura_de_software_revisada: 6 mini seconds publishing element
Info: Outcome:pre-proyecto: 8 mini seconds publishing element
Info: Artifact:dialogo: 5 mini seconds publishing element
Info: Artifact:estructura_de_software_documentada: 6 mini seconds publishing element
Info: Artifact:notas_y_observaciones: 6 mini seconds publishing element
Info: Task:explicar_estructura_de_la_empresa: 7 mini seconds publishing element
Info: Task:explicar_funcionamiento_de_la_empresa: 4 mini seconds publishing element
Info: Outcome:powerpoint: 8 mini seconds publishing element
Info: Artifact:documentacin_de_la_empresa: 5 mini seconds publishing element
Info: Task:analizar_proyecto: 5 mini seconds publishing element
Info: Task:concluir_estructura: 5 mini seconds publishing element
Info: Task:disenar_el_ciclo_de_vida_del_desarrollo_de_software: 6 mini seconds publishing element
Info: Task:identificar_los_casos_de_uso: 7 mini seconds publishing element
Info: Task:identificar_los_involucrados: 4 mini seconds publishing element
Info: Task:identificar_necesidades: 6 mini seconds publishing element
Info: Task:identificar_procesos_y_metas: 4 mini seconds publishing element
Info: Task:plantear_requisitos_funcionales_y_no_funcionales: 5 mini seconds publishing element
Info: Outcome:casos_de_uso: 5 mini seconds publishing element
Info: Outcome:ciclo_de_vida_del_desarrollo_de_software: 5 mini seconds publishing element
Info: Outcome:estructura_de_software_documentada: 5 mini seconds publishing element
Info: Outcome:involucrados: 6 mini seconds publishing element
Info: Outcome:necesidades: 4 mini seconds publishing element
Info: Outcome:notas_y_observaciones: 6 mini seconds publishing element
Info: Outcome:procesos_y_metas: 6 mini seconds publishing element
Info: Outcome:requisitos: 4 mini seconds publishing element
Info: Artifact:estrutura_de_software_documentada: 7 mini seconds publishing element
Info: Example:repositorio_con_el_codigo_completado: 94 mini seconds publishing element
Info: Artifact:scripts: 5 mini seconds publishing element
Info: Artifact:mockups: 5 mini seconds publishing element
Info: Checklist:interfaces_de_usuario: 113 mini seconds publishing element
Info: : Publishing time: 0 minutes 2 seconds
